Flow report for spacewire_top
Sat Nov 18 14:19:59 2023
Quartus II 64-Bit Version 13.0.1 Build 232 06/12/2013 Service Pack 1 SJ Web Edition


---------------------
; Table of Contents ;
---------------------
  1. Legal Notice
  2. Flow Summary
  3. Flow Settings
  4. Flow Non-Default Global Settings
  5. Flow Elapsed Time
  6. Flow OS Summary
  7. Flow Log
  8. Flow Messages
  9. Flow Suppressed Messages



----------------
; Legal Notice ;
----------------
Copyright (C) 1991-2013 Altera Corporation
Your use of Altera Corporation's design tools, logic functions 
and other software and tools, and its AMPP partner logic 
functions, and any output files from any of the foregoing 
(including device programming or simulation files), and any 
associated documentation or information are expressly subject 
to the terms and conditions of the Altera Program License 
Subscription Agreement, Altera MegaCore Function License 
Agreement, or other applicable license agreement, including, 
without limitation, that your use is for the sole purpose of 
programming logic devices manufactured by Altera and sold by 
Altera or its authorized distributors.  Please refer to the 
applicable agreement for further details.



+--------------------------------------------------------------------------------------+
; Flow Summary                                                                         ;
+------------------------------------+-------------------------------------------------+
; Flow Status                        ; Successful - Sat Nov 18 14:19:54 2023           ;
; Quartus II 64-Bit Version          ; 13.0.1 Build 232 06/12/2013 SP 1 SJ Web Edition ;
; Revision Name                      ; spacewire_top                                   ;
; Top-level Entity Name              ; streamtest_top                                  ;
; Family                             ; Cyclone IV E                                    ;
; Device                             ; EP4CE22F17C6                                    ;
; Timing Models                      ; Final                                           ;
; Total logic elements               ; 756 / 22,320 ( 3 % )                            ;
;     Total combinational functions  ; 741 / 22,320 ( 3 % )                            ;
;     Dedicated logic registers      ; 370 / 22,320 ( 2 % )                            ;
; Total registers                    ; 370                                             ;
; Total pins                         ; 15 / 154 ( 10 % )                               ;
; Total virtual pins                 ; 0                                               ;
; Total memory bits                  ; 27,648 / 608,256 ( 5 % )                        ;
; Embedded Multiplier 9-bit elements ; 0 / 132 ( 0 % )                                 ;
; Total PLLs                         ; 0 / 4 ( 0 % )                                   ;
+------------------------------------+-------------------------------------------------+


+-----------------------------------------+
; Flow Settings                           ;
+-------------------+---------------------+
; Option            ; Setting             ;
+-------------------+---------------------+
; Start date & time ; 11/18/2023 14:19:30 ;
; Main task         ; Compilation         ;
; Revision Name     ; spacewire_top       ;
+-------------------+---------------------+


+-----------------------------------------------------------------------------------------------------------+
; Flow Non-Default Global Settings                                                                          ;
+-------------------------------------+-----------------------+---------------+----------------+------------+
; Assignment Name                     ; Value                 ; Default Value ; Entity Name    ; Section Id ;
+-------------------------------------+-----------------------+---------------+----------------+------------+
; COMPILER_SIGNATURE_ID               ; 0.170031357004564     ; --            ; --             ; --         ;
; MAX_CORE_JUNCTION_TEMP              ; 85                    ; --            ; --             ; --         ;
; MIN_CORE_JUNCTION_TEMP              ; 0                     ; --            ; --             ; --         ;
; NOMINAL_CORE_SUPPLY_VOLTAGE         ; 1.2V                  ; --            ; --             ; --         ;
; PARTITION_COLOR                     ; 16764057              ; --            ; streamtest_top ; Top        ;
; PARTITION_FITTER_PRESERVATION_LEVEL ; PLACEMENT_AND_ROUTING ; --            ; streamtest_top ; Top        ;
; PARTITION_NETLIST_TYPE              ; SOURCE                ; --            ; streamtest_top ; Top        ;
; PROJECT_OUTPUT_DIRECTORY            ; output_files          ; --            ; --             ; --         ;
; TOP_LEVEL_ENTITY                    ; streamtest_top        ; spacewire_top ; --             ; --         ;
+-------------------------------------+-----------------------+---------------+----------------+------------+


+-------------------------------------------------------------------------------------------------------------------------------+
; Flow Elapsed Time                                                                                                             ;
+---------------------------+--------------+-------------------------+---------------------+------------------------------------+
; Module Name               ; Elapsed Time ; Average Processors Used ; Peak Virtual Memory ; Total CPU Time (on all processors) ;
+---------------------------+--------------+-------------------------+---------------------+------------------------------------+
; Analysis & Synthesis      ; 00:00:06     ; 1.0                     ; 647 MB              ; 00:00:06                           ;
; Fitter                    ; 00:00:12     ; 1.0                     ; 789 MB              ; 00:00:12                           ;
; Assembler                 ; 00:00:03     ; 1.0                     ; 554 MB              ; 00:00:03                           ;
; TimeQuest Timing Analyzer ; 00:00:03     ; 1.0                     ; 599 MB              ; 00:00:03                           ;
; Total                     ; 00:00:24     ; --                      ; --                  ; 00:00:24                           ;
+---------------------------+--------------+-------------------------+---------------------+------------------------------------+


+-----------------------------------------------------------------------------------------------------+
; Flow OS Summary                                                                                     ;
+---------------------------+--------------------------+----------------+------------+----------------+
; Module Name               ; Machine Hostname         ; OS Name        ; OS Version ; Processor type ;
+---------------------------+--------------------------+----------------+------------+----------------+
; Analysis & Synthesis      ; xubuntu1804-quartus13sp1 ; Ubuntu 18.04.6 ; 18         ; x86_64         ;
; Fitter                    ; xubuntu1804-quartus13sp1 ; Ubuntu 18.04.6 ; 18         ; x86_64         ;
; Assembler                 ; xubuntu1804-quartus13sp1 ; Ubuntu 18.04.6 ; 18         ; x86_64         ;
; TimeQuest Timing Analyzer ; xubuntu1804-quartus13sp1 ; Ubuntu 18.04.6 ; 18         ; x86_64         ;
+---------------------------+--------------------------+----------------+------------+----------------+


------------
; Flow Log ;
------------
quartus_map --read_settings_files=on --write_settings_files=off spacewire_top -c spacewire_top
quartus_fit --read_settings_files=off --write_settings_files=off spacewire_top -c spacewire_top
quartus_asm --read_settings_files=off --write_settings_files=off spacewire_top -c spacewire_top
quartus_sta spacewire_top -c spacewire_top



